[2026-07-22 09:28:07] heartbeat diário enviado via ['ntfy', 'whatsapp']
[2026-07-22 09:28:50] xbox_us: ok, sem novidade {'pre-order': 0, 'preorder': 0, 'x25': 0, 'series x25': 0, 'series x 25': 0, 'x25 limited': 0, 'x25 special': 0, 'sx 25th': 0, '25th anniversary': 20, 'shop now': 0}
[2026-07-22 09:28:51] xbox_us_consoles: ok, sem novidade {'pre-order': 0, 'preorder': 0, 'x25': 10, 'series x25': 0, 'series x 25': 0, 'x25 limited': 0, 'x25 special': 0, 'sx 25th': 0, '25th anniversary': 0}
[2026-07-22 09:29:01] msstore_us: ok, sem novidade {'pre-order': 1, 'preorder': 11, 'x25': 13, 'series x25': 3, 'series x 25': 0, 'x25 limited': 0, 'x25 special': 0, 'sx 25th': 0, '25th anniversary': 0}
[2026-07-22 09:29:03] newegg_us: ok, sem novidade {'pre-order': 0, 'preorder': 0, 'x25': 16, 'series x25': 16, 'series x 25': 0, 'x25 limited': 0, 'x25 special': 0, 'sx 25th': 0, '25th anniversary': 0}
[2026-07-22 09:29:04] target_us: ok, sem novidade {'pre-order': 0, 'preorder': 0, 'x25': 14, 'series x25': 12, 'series x 25': 0, 'x25 limited': 0, 'x25 special': 0, 'sx 25th': 0, '25th anniversary': 0}
[2026-07-22 09:29:08] walmart_us: SINAL ATIVO mas limite de alertas/24h atingido — ['"pre-order" apareceu (4x, antes 0)', '"preorder" apareceu (435x, antes 0)', '"x25" apareceu (67x, antes 0)', '"series x25" apareceu (37x, antes 0)', '"series x 25" apareceu (86x, antes 0)']
[2026-07-22 09:29:09] xbox_br: ok, sem novidade {'pre-order': 0, 'preorder': 0, 'x25': 0, 'series x25': 0, 'series x 25': 0, 'x25 limited': 0, 'x25 special': 0, 'sx 25th': 0, '25th anniversary': 2, 'pré-venda': 0, '25 anos': 6}
[2026-07-22 09:29:49] xbox_us: ok, sem novidade {'pre-order': 0, 'preorder': 0, 'x25': 0, 'series x25': 0, 'series x 25': 0, 'x25 limited': 0, 'x25 special': 0, 'sx 25th': 0, '25th anniversary': 20, 'shop now': 0}
[2026-07-22 09:29:50] xbox_us_consoles: ok, sem novidade {'pre-order': 0, 'preorder': 0, 'x25': 10, 'series x25': 0, 'series x 25': 0, 'x25 limited': 0, 'x25 special': 0, 'sx 25th': 0, '25th anniversary': 0}
[2026-07-22 09:30:02] msstore_us: ok, sem novidade {'pre-order': 1, 'preorder': 11, 'x25': 13, 'series x25': 3, 'series x 25': 0, 'x25 limited': 0, 'x25 special': 0, 'sx 25th': 0, '25th anniversary': 0}
[2026-07-22 09:30:04] newegg_us: ok, sem novidade {'pre-order': 0, 'preorder': 0, 'x25': 16, 'series x25': 16, 'series x 25': 0, 'x25 limited': 0, 'x25 special': 0, 'sx 25th': 0, '25th anniversary': 0}
[2026-07-22 09:30:06] target_us: ok, sem novidade {'pre-order': 0, 'preorder': 0, 'x25': 14, 'series x25': 12, 'series x 25': 0, 'x25 limited': 0, 'x25 special': 0, 'sx 25th': 0, '25th anniversary': 0}
[2026-07-22 09:30:07] walmart_us: ok, sem novidade {'pre-order': 0, 'preorder': 0, 'x25': 0, 'series x25': 0, 'series x 25': 0, 'x25 limited': 0, 'x25 special': 0, 'sx 25th': 0, '25th anniversary': 0}
[2026-07-22 09:30:08] xbox_br: ok, sem novidade {'pre-order': 0, 'preorder': 0, 'x25': 0, 'series x25': 0, 'series x 25': 0, 'x25 limited': 0, 'x25 special': 0, 'sx 25th': 0, '25th anniversary': 2, 'pré-venda': 0, '25 anos': 6}
[2026-07-22 09:30:49] xbox_us: ok, sem novidade {'pre-order': 0, 'preorder': 0, 'x25': 0, 'series x25': 0, 'series x 25': 0, 'x25 limited': 0, 'x25 special': 0, 'sx 25th': 0, '25th anniversary': 20, 'shop now': 0}
[2026-07-22 09:30:50] xbox_us_consoles: ok, sem novidade {'pre-order': 0, 'preorder': 0, 'x25': 10, 'series x25': 0, 'series x 25': 0, 'x25 limited': 0, 'x25 special': 0, 'sx 25th': 0, '25th anniversary': 0}
[2026-07-22 09:31:00] msstore_us: ok, sem novidade {'pre-order': 1, 'preorder': 11, 'x25': 13, 'series x25': 3, 'series x 25': 0, 'x25 limited': 0, 'x25 special': 0, 'sx 25th': 0, '25th anniversary': 0}
[2026-07-22 09:31:01] newegg_us: ok, sem novidade {'pre-order': 0, 'preorder': 0, 'x25': 16, 'series x25': 16, 'series x 25': 0, 'x25 limited': 0, 'x25 special': 0, 'sx 25th': 0, '25th anniversary': 0}
[2026-07-22 09:31:02] target_us: ok, sem novidade {'pre-order': 0, 'preorder': 0, 'x25': 14, 'series x25': 12, 'series x 25': 0, 'x25 limited': 0, 'x25 special': 0, 'sx 25th': 0, '25th anniversary': 0}
[2026-07-22 09:31:04] walmart_us: ok, sem novidade {'pre-order': 0, 'preorder': 0, 'x25': 0, 'series x25': 0, 'series x 25': 0, 'x25 limited': 0, 'x25 special': 0, 'sx 25th': 0, '25th anniversary': 0}
[2026-07-22 09:31:05] xbox_br: ok, sem novidade {'pre-order': 0, 'preorder': 0, 'x25': 0, 'series x25': 0, 'series x 25': 0, 'x25 limited': 0, 'x25 special': 0, 'sx 25th': 0, '25th anniversary': 2, 'pré-venda': 0, '25 anos': 6}
[2026-07-22 09:31:49] xbox_us: ok, sem novidade {'pre-order': 0, 'preorder': 0, 'x25': 0, 'series x25': 0, 'series x 25': 0, 'x25 limited': 0, 'x25 special': 0, 'sx 25th': 0, '25th anniversary': 20, 'shop now': 0}
[2026-07-22 09:31:50] xbox_us_consoles: ok, sem novidade {'pre-order': 0, 'preorder': 0, 'x25': 10, 'series x25': 0, 'series x 25': 0, 'x25 limited': 0, 'x25 special': 0, 'sx 25th': 0, '25th anniversary': 0}
[2026-07-22 09:32:01] msstore_us: ok, sem novidade {'pre-order': 1, 'preorder': 11, 'x25': 13, 'series x25': 3, 'series x 25': 0, 'x25 limited': 0, 'x25 special': 0, 'sx 25th': 0, '25th anniversary': 0}
[2026-07-22 09:32:02] newegg_us: ok, sem novidade {'pre-order': 0, 'preorder': 0, 'x25': 16, 'series x25': 16, 'series x 25': 0, 'x25 limited': 0, 'x25 special': 0, 'sx 25th': 0, '25th anniversary': 0}
[2026-07-22 09:32:04] target_us: ok, sem novidade {'pre-order': 0, 'preorder': 0, 'x25': 14, 'series x25': 12, 'series x 25': 0, 'x25 limited': 0, 'x25 special': 0, 'sx 25th': 0, '25th anniversary': 0}
[2026-07-22 09:32:05] walmart_us: ok, sem novidade {'pre-order': 0, 'preorder': 0, 'x25': 0, 'series x25': 0, 'series x 25': 0, 'x25 limited': 0, 'x25 special': 0, 'sx 25th': 0, '25th anniversary': 0}
[2026-07-22 09:32:06] xbox_br: ok, sem novidade {'pre-order': 0, 'preorder': 0, 'x25': 0, 'series x25': 0, 'series x 25': 0, 'x25 limited': 0, 'x25 special': 0, 'sx 25th': 0, '25th anniversary': 2, 'pré-venda': 0, '25 anos': 6}
[2026-07-22 09:32:49] xbox_us: ok, sem novidade {'pre-order': 0, 'preorder': 0, 'x25': 0, 'series x25': 0, 'series x 25': 0, 'x25 limited': 0, 'x25 special': 0, 'sx 25th': 0, '25th anniversary': 20, 'shop now': 0}
[2026-07-22 09:32:50] xbox_us_consoles: ok, sem novidade {'pre-order': 0, 'preorder': 0, 'x25': 10, 'series x25': 0, 'series x 25': 0, 'x25 limited': 0, 'x25 special': 0, 'sx 25th': 0, '25th anniversary': 0}
[2026-07-22 09:33:02] msstore_us: ok, sem novidade {'pre-order': 1, 'preorder': 11, 'x25': 13, 'series x25': 3, 'series x 25': 0, 'x25 limited': 0, 'x25 special': 0, 'sx 25th': 0, '25th anniversary': 0}
[2026-07-22 09:33:03] newegg_us: ok, sem novidade {'pre-order': 0, 'preorder': 0, 'x25': 16, 'series x25': 16, 'series x 25': 0, 'x25 limited': 0, 'x25 special': 0, 'sx 25th': 0, '25th anniversary': 0}
[2026-07-22 09:33:05] target_us: ok, sem novidade {'pre-order': 0, 'preorder': 0, 'x25': 14, 'series x25': 12, 'series x 25': 0, 'x25 limited': 0, 'x25 special': 0, 'sx 25th': 0, '25th anniversary': 0}
[2026-07-22 09:33:06] walmart_us: ok, sem novidade {'pre-order': 0, 'preorder': 0, 'x25': 0, 'series x25': 0, 'series x 25': 0, 'x25 limited': 0, 'x25 special': 0, 'sx 25th': 0, '25th anniversary': 0}
[2026-07-22 09:33:07] xbox_br: ok, sem novidade {'pre-order': 0, 'preorder': 0, 'x25': 0, 'series x25': 0, 'series x 25': 0, 'x25 limited': 0, 'x25 special': 0, 'sx 25th': 0, '25th anniversary': 2, 'pré-venda': 0, '25 anos': 6}
[2026-07-22 09:33:49] xbox_us: ok, sem novidade {'pre-order': 0, 'preorder': 0, 'x25': 0, 'series x25': 0, 'series x 25': 0, 'x25 limited': 0, 'x25 special': 0, 'sx 25th': 0, '25th anniversary': 20, 'shop now': 0}
[2026-07-22 09:33:50] xbox_us_consoles: ok, sem novidade {'pre-order': 0, 'preorder': 0, 'x25': 10, 'series x25': 0, 'series x 25': 0, 'x25 limited': 0, 'x25 special': 0, 'sx 25th': 0, '25th anniversary': 0}
[2026-07-22 09:34:02] msstore_us: ok, sem novidade {'pre-order': 1, 'preorder': 11, 'x25': 13, 'series x25': 3, 'series x 25': 0, 'x25 limited': 0, 'x25 special': 0, 'sx 25th': 0, '25th anniversary': 0}
[2026-07-22 09:34:03] newegg_us: ok, sem novidade {'pre-order': 0, 'preorder': 0, 'x25': 16, 'series x25': 16, 'series x 25': 0, 'x25 limited': 0, 'x25 special': 0, 'sx 25th': 0, '25th anniversary': 0}
[2026-07-22 09:34:05] target_us: ok, sem novidade {'pre-order': 0, 'preorder': 0, 'x25': 14, 'series x25': 12, 'series x 25': 0, 'x25 limited': 0, 'x25 special': 0, 'sx 25th': 0, '25th anniversary': 0}
[2026-07-22 09:34:06] walmart_us: ok, sem novidade {'pre-order': 0, 'preorder': 0, 'x25': 0, 'series x25': 0, 'series x 25': 0, 'x25 limited': 0, 'x25 special': 0, 'sx 25th': 0, '25th anniversary': 0}
[2026-07-22 09:34:07] xbox_br: ok, sem novidade {'pre-order': 0, 'preorder': 0, 'x25': 0, 'series x25': 0, 'series x 25': 0, 'x25 limited': 0, 'x25 special': 0, 'sx 25th': 0, '25th anniversary': 2, 'pré-venda': 0, '25 anos': 6}
[2026-07-22 09:34:50] xbox_us: ok, sem novidade {'pre-order': 0, 'preorder': 0, 'x25': 0, 'series x25': 0, 'series x 25': 0, 'x25 limited': 0, 'x25 special': 0, 'sx 25th': 0, '25th anniversary': 20, 'shop now': 0}
[2026-07-22 09:34:51] xbox_us_consoles: ok, sem novidade {'pre-order': 0, 'preorder': 0, 'x25': 10, 'series x25': 0, 'series x 25': 0, 'x25 limited': 0, 'x25 special': 0, 'sx 25th': 0, '25th anniversary': 0}
[2026-07-22 09:35:02] msstore_us: ok, sem novidade {'pre-order': 1, 'preorder': 11, 'x25': 13, 'series x25': 3, 'series x 25': 0, 'x25 limited': 0, 'x25 special': 0, 'sx 25th': 0, '25th anniversary': 0}
[2026-07-22 09:35:03] newegg_us: ok, sem novidade {'pre-order': 0, 'preorder': 0, 'x25': 16, 'series x25': 16, 'series x 25': 0, 'x25 limited': 0, 'x25 special': 0, 'sx 25th': 0, '25th anniversary': 0}
[2026-07-22 09:35:04] target_us: ok, sem novidade {'pre-order': 0, 'preorder': 0, 'x25': 14, 'series x25': 12, 'series x 25': 0, 'x25 limited': 0, 'x25 special': 0, 'sx 25th': 0, '25th anniversary': 0}
[2026-07-22 09:35:06] walmart_us: ok, sem novidade {'pre-order': 0, 'preorder': 0, 'x25': 0, 'series x25': 0, 'series x 25': 0, 'x25 limited': 0, 'x25 special': 0, 'sx 25th': 0, '25th anniversary': 0}
[2026-07-22 09:35:07] xbox_br: ok, sem novidade {'pre-order': 0, 'preorder': 0, 'x25': 0, 'series x25': 0, 'series x 25': 0, 'x25 limited': 0, 'x25 special': 0, 'sx 25th': 0, '25th anniversary': 2, 'pré-venda': 0, '25 anos': 6}
[2026-07-22 09:35:49] xbox_us: ok, sem novidade {'pre-order': 0, 'preorder': 0, 'x25': 0, 'series x25': 0, 'series x 25': 0, 'x25 limited': 0, 'x25 special': 0, 'sx 25th': 0, '25th anniversary': 20, 'shop now': 0}
[2026-07-22 09:35:51] xbox_us_consoles: ok, sem novidade {'pre-order': 0, 'preorder': 0, 'x25': 10, 'series x25': 0, 'series x 25': 0, 'x25 limited': 0, 'x25 special': 0, 'sx 25th': 0, '25th anniversary': 0}
[2026-07-22 09:36:02] msstore_us: ok, sem novidade {'pre-order': 1, 'preorder': 11, 'x25': 13, 'series x25': 3, 'series x 25': 0, 'x25 limited': 0, 'x25 special': 0, 'sx 25th': 0, '25th anniversary': 0}
[2026-07-22 09:36:03] newegg_us: ok, sem novidade {'pre-order': 0, 'preorder': 0, 'x25': 16, 'series x25': 16, 'series x 25': 0, 'x25 limited': 0, 'x25 special': 0, 'sx 25th': 0, '25th anniversary': 0}
[2026-07-22 09:36:04] target_us: ok, sem novidade {'pre-order': 0, 'preorder': 0, 'x25': 14, 'series x25': 12, 'series x 25': 0, 'x25 limited': 0, 'x25 special': 0, 'sx 25th': 0, '25th anniversary': 0}
[2026-07-22 09:36:06] walmart_us: ok, sem novidade {'pre-order': 0, 'preorder': 0, 'x25': 0, 'series x25': 0, 'series x 25': 0, 'x25 limited': 0, 'x25 special': 0, 'sx 25th': 0, '25th anniversary': 0}
[2026-07-22 09:36:07] xbox_br: ok, sem novidade {'pre-order': 0, 'preorder': 0, 'x25': 0, 'series x25': 0, 'series x 25': 0, 'x25 limited': 0, 'x25 special': 0, 'sx 25th': 0, '25th anniversary': 2, 'pré-venda': 0, '25 anos': 6}
[2026-07-22 09:36:49] xbox_us: ok, sem novidade {'pre-order': 0, 'preorder': 0, 'x25': 0, 'series x25': 0, 'series x 25': 0, 'x25 limited': 0, 'x25 special': 0, 'sx 25th': 0, '25th anniversary': 20, 'shop now': 0}
[2026-07-22 09:36:50] xbox_us_consoles: ok, sem novidade {'pre-order': 0, 'preorder': 0, 'x25': 10, 'series x25': 0, 'series x 25': 0, 'x25 limited': 0, 'x25 special': 0, 'sx 25th': 0, '25th anniversary': 0}
[2026-07-22 09:37:01] msstore_us: ok, sem novidade {'pre-order': 1, 'preorder': 11, 'x25': 13, 'series x25': 3, 'series x 25': 0, 'x25 limited': 0, 'x25 special': 0, 'sx 25th': 0, '25th anniversary': 0}
[2026-07-22 09:37:02] newegg_us: ok, sem novidade {'pre-order': 0, 'preorder': 0, 'x25': 16, 'series x25': 16, 'series x 25': 0, 'x25 limited': 0, 'x25 special': 0, 'sx 25th': 0, '25th anniversary': 0}
[2026-07-22 09:37:04] target_us: ok, sem novidade {'pre-order': 0, 'preorder': 0, 'x25': 14, 'series x25': 12, 'series x 25': 0, 'x25 limited': 0, 'x25 special': 0, 'sx 25th': 0, '25th anniversary': 0}
[2026-07-22 09:37:05] walmart_us: ok, sem novidade {'pre-order': 0, 'preorder': 0, 'x25': 0, 'series x25': 0, 'series x 25': 0, 'x25 limited': 0, 'x25 special': 0, 'sx 25th': 0, '25th anniversary': 0}
[2026-07-22 09:37:06] xbox_br: ok, sem novidade {'pre-order': 0, 'preorder': 0, 'x25': 0, 'series x25': 0, 'series x 25': 0, 'x25 limited': 0, 'x25 special': 0, 'sx 25th': 0, '25th anniversary': 2, 'pré-venda': 0, '25 anos': 6}
[2026-07-22 09:37:49] xbox_us: ok, sem novidade {'pre-order': 0, 'preorder': 0, 'x25': 0, 'series x25': 0, 'series x 25': 0, 'x25 limited': 0, 'x25 special': 0, 'sx 25th': 0, '25th anniversary': 20, 'shop now': 0}
[2026-07-22 09:37:51] xbox_us_consoles: ok, sem novidade {'pre-order': 0, 'preorder': 0, 'x25': 10, 'series x25': 0, 'series x 25': 0, 'x25 limited': 0, 'x25 special': 0, 'sx 25th': 0, '25th anniversary': 0}
[2026-07-22 09:38:00] msstore_us: ok, sem novidade {'pre-order': 1, 'preorder': 11, 'x25': 13, 'series x25': 3, 'series x 25': 0, 'x25 limited': 0, 'x25 special': 0, 'sx 25th': 0, '25th anniversary': 0}
[2026-07-22 09:38:02] newegg_us: ok, sem novidade {'pre-order': 0, 'preorder': 0, 'x25': 16, 'series x25': 16, 'series x 25': 0, 'x25 limited': 0, 'x25 special': 0, 'sx 25th': 0, '25th anniversary': 0}
[2026-07-22 09:38:03] target_us: ok, sem novidade {'pre-order': 0, 'preorder': 0, 'x25': 14, 'series x25': 12, 'series x 25': 0, 'x25 limited': 0, 'x25 special': 0, 'sx 25th': 0, '25th anniversary': 0}
[2026-07-22 09:38:05] walmart_us: ok, sem novidade {'pre-order': 0, 'preorder': 0, 'x25': 0, 'series x25': 0, 'series x 25': 0, 'x25 limited': 0, 'x25 special': 0, 'sx 25th': 0, '25th anniversary': 0}
[2026-07-22 09:38:06] xbox_br: ok, sem novidade {'pre-order': 0, 'preorder': 0, 'x25': 0, 'series x25': 0, 'series x 25': 0, 'x25 limited': 0, 'x25 special': 0, 'sx 25th': 0, '25th anniversary': 2, 'pré-venda': 0, '25 anos': 6}
[2026-07-22 09:38:49] xbox_us: ok, sem novidade {'pre-order': 0, 'preorder': 0, 'x25': 0, 'series x25': 0, 'series x 25': 0, 'x25 limited': 0, 'x25 special': 0, 'sx 25th': 0, '25th anniversary': 20, 'shop now': 0}
[2026-07-22 09:38:50] xbox_us_consoles: ok, sem novidade {'pre-order': 0, 'preorder': 0, 'x25': 10, 'series x25': 0, 'series x 25': 0, 'x25 limited': 0, 'x25 special': 0, 'sx 25th': 0, '25th anniversary': 0}
[2026-07-22 09:39:00] msstore_us: ok, sem novidade {'pre-order': 1, 'preorder': 11, 'x25': 13, 'series x25': 3, 'series x 25': 0, 'x25 limited': 0, 'x25 special': 0, 'sx 25th': 0, '25th anniversary': 0}
[2026-07-22 09:39:01] newegg_us: ok, sem novidade {'pre-order': 0, 'preorder': 0, 'x25': 16, 'series x25': 16, 'series x 25': 0, 'x25 limited': 0, 'x25 special': 0, 'sx 25th': 0, '25th anniversary': 0}
[2026-07-22 09:39:02] target_us: ok, sem novidade {'pre-order': 0, 'preorder': 0, 'x25': 14, 'series x25': 12, 'series x 25': 0, 'x25 limited': 0, 'x25 special': 0, 'sx 25th': 0, '25th anniversary': 0}
[2026-07-22 09:39:04] walmart_us: ok, sem novidade {'pre-order': 0, 'preorder': 0, 'x25': 0, 'series x25': 0, 'series x 25': 0, 'x25 limited': 0, 'x25 special': 0, 'sx 25th': 0, '25th anniversary': 0}
[2026-07-22 09:39:05] xbox_br: ok, sem novidade {'pre-order': 0, 'preorder': 0, 'x25': 0, 'series x25': 0, 'series x 25': 0, 'x25 limited': 0, 'x25 special': 0, 'sx 25th': 0, '25th anniversary': 2, 'pré-venda': 0, '25 anos': 6}
[2026-07-22 09:39:49] xbox_us: ok, sem novidade {'pre-order': 0, 'preorder': 0, 'x25': 0, 'series x25': 0, 'series x 25': 0, 'x25 limited': 0, 'x25 special': 0, 'sx 25th': 0, '25th anniversary': 20, 'shop now': 0}
[2026-07-22 09:39:50] xbox_us_consoles: ok, sem novidade {'pre-order': 0, 'preorder': 0, 'x25': 10, 'series x25': 0, 'series x 25': 0, 'x25 limited': 0, 'x25 special': 0, 'sx 25th': 0, '25th anniversary': 0}
[2026-07-22 09:40:00] msstore_us: ok, sem novidade {'pre-order': 1, 'preorder': 11, 'x25': 13, 'series x25': 3, 'series x 25': 0, 'x25 limited': 0, 'x25 special': 0, 'sx 25th': 0, '25th anniversary': 0}
[2026-07-22 09:40:01] newegg_us: ok, sem novidade {'pre-order': 0, 'preorder': 0, 'x25': 16, 'series x25': 16, 'series x 25': 0, 'x25 limited': 0, 'x25 special': 0, 'sx 25th': 0, '25th anniversary': 0}
[2026-07-22 09:40:03] target_us: ok, sem novidade {'pre-order': 0, 'preorder': 0, 'x25': 14, 'series x25': 12, 'series x 25': 0, 'x25 limited': 0, 'x25 special': 0, 'sx 25th': 0, '25th anniversary': 0}
[2026-07-22 09:40:04] walmart_us: ok, sem novidade {'pre-order': 0, 'preorder': 0, 'x25': 0, 'series x25': 0, 'series x 25': 0, 'x25 limited': 0, 'x25 special': 0, 'sx 25th': 0, '25th anniversary': 0}
[2026-07-22 09:40:05] xbox_br: ok, sem novidade {'pre-order': 0, 'preorder': 0, 'x25': 0, 'series x25': 0, 'series x 25': 0, 'x25 limited': 0, 'x25 special': 0, 'sx 25th': 0, '25th anniversary': 2, 'pré-venda': 0, '25 anos': 6}
[2026-07-22 09:40:49] xbox_us: ok, sem novidade {'pre-order': 0, 'preorder': 0, 'x25': 0, 'series x25': 0, 'series x 25': 0, 'x25 limited': 0, 'x25 special': 0, 'sx 25th': 0, '25th anniversary': 20, 'shop now': 0}
[2026-07-22 09:40:50] xbox_us_consoles: ok, sem novidade {'pre-order': 0, 'preorder': 0, 'x25': 10, 'series x25': 0, 'series x 25': 0, 'x25 limited': 0, 'x25 special': 0, 'sx 25th': 0, '25th anniversary': 0}
[2026-07-22 09:41:02] msstore_us: ok, sem novidade {'pre-order': 1, 'preorder': 11, 'x25': 13, 'series x25': 3, 'series x 25': 0, 'x25 limited': 0, 'x25 special': 0, 'sx 25th': 0, '25th anniversary': 0}
[2026-07-22 09:41:03] newegg_us: ok, sem novidade {'pre-order': 0, 'preorder': 0, 'x25': 16, 'series x25': 16, 'series x 25': 0, 'x25 limited': 0, 'x25 special': 0, 'sx 25th': 0, '25th anniversary': 0}
[2026-07-22 09:41:05] target_us: ok, sem novidade {'pre-order': 0, 'preorder': 0, 'x25': 14, 'series x25': 12, 'series x 25': 0, 'x25 limited': 0, 'x25 special': 0, 'sx 25th': 0, '25th anniversary': 0}
[2026-07-22 09:41:06] walmart_us: ok, sem novidade {'pre-order': 0, 'preorder': 0, 'x25': 0, 'series x25': 0, 'series x 25': 0, 'x25 limited': 0, 'x25 special': 0, 'sx 25th': 0, '25th anniversary': 0}
[2026-07-22 09:41:07] xbox_br: ok, sem novidade {'pre-order': 0, 'preorder': 0, 'x25': 0, 'series x25': 0, 'series x 25': 0, 'x25 limited': 0, 'x25 special': 0, 'sx 25th': 0, '25th anniversary': 2, 'pré-venda': 0, '25 anos': 6}
[2026-07-22 09:41:49] xbox_us: ok, sem novidade {'pre-order': 0, 'preorder': 0, 'x25': 0, 'series x25': 0, 'series x 25': 0, 'x25 limited': 0, 'x25 special': 0, 'sx 25th': 0, '25th anniversary': 20, 'shop now': 0}
[2026-07-22 09:41:50] xbox_us_consoles: ok, sem novidade {'pre-order': 0, 'preorder': 0, 'x25': 10, 'series x25': 0, 'series x 25': 0, 'x25 limited': 0, 'x25 special': 0, 'sx 25th': 0, '25th anniversary': 0}
[2026-07-22 09:42:03] msstore_us: ok, sem novidade {'pre-order': 1, 'preorder': 11, 'x25': 13, 'series x25': 3, 'series x 25': 0, 'x25 limited': 0, 'x25 special': 0, 'sx 25th': 0, '25th anniversary': 0}
[2026-07-22 09:42:04] newegg_us: ok, sem novidade {'pre-order': 0, 'preorder': 0, 'x25': 16, 'series x25': 16, 'series x 25': 0, 'x25 limited': 0, 'x25 special': 0, 'sx 25th': 0, '25th anniversary': 0}
[2026-07-22 09:42:05] target_us: ok, sem novidade {'pre-order': 0, 'preorder': 0, 'x25': 14, 'series x25': 12, 'series x 25': 0, 'x25 limited': 0, 'x25 special': 0, 'sx 25th': 0, '25th anniversary': 0}
[2026-07-22 09:42:07] walmart_us: ok, sem novidade {'pre-order': 0, 'preorder': 0, 'x25': 0, 'series x25': 0, 'series x 25': 0, 'x25 limited': 0, 'x25 special': 0, 'sx 25th': 0, '25th anniversary': 0}
[2026-07-22 09:42:08] xbox_br: ok, sem novidade {'pre-order': 0, 'preorder': 0, 'x25': 0, 'series x25': 0, 'series x 25': 0, 'x25 limited': 0, 'x25 special': 0, 'sx 25th': 0, '25th anniversary': 2, 'pré-venda': 0, '25 anos': 6}
[2026-07-22 09:42:49] xbox_us: ok, sem novidade {'pre-order': 0, 'preorder': 0, 'x25': 0, 'series x25': 0, 'series x 25': 0, 'x25 limited': 0, 'x25 special': 0, 'sx 25th': 0, '25th anniversary': 20, 'shop now': 0}
[2026-07-22 09:42:50] xbox_us_consoles: ok, sem novidade {'pre-order': 0, 'preorder': 0, 'x25': 10, 'series x25': 0, 'series x 25': 0, 'x25 limited': 0, 'x25 special': 0, 'sx 25th': 0, '25th anniversary': 0}
[2026-07-22 09:43:02] msstore_us: ok, sem novidade {'pre-order': 1, 'preorder': 11, 'x25': 13, 'series x25': 3, 'series x 25': 0, 'x25 limited': 0, 'x25 special': 0, 'sx 25th': 0, '25th anniversary': 0}
[2026-07-22 09:43:03] newegg_us: ok, sem novidade {'pre-order': 0, 'preorder': 0, 'x25': 16, 'series x25': 16, 'series x 25': 0, 'x25 limited': 0, 'x25 special': 0, 'sx 25th': 0, '25th anniversary': 0}
[2026-07-22 09:43:04] target_us: ok, sem novidade {'pre-order': 0, 'preorder': 0, 'x25': 14, 'series x25': 12, 'series x 25': 0, 'x25 limited': 0, 'x25 special': 0, 'sx 25th': 0, '25th anniversary': 0}
[2026-07-22 09:43:06] walmart_us: ok, sem novidade {'pre-order': 0, 'preorder': 0, 'x25': 0, 'series x25': 0, 'series x 25': 0, 'x25 limited': 0, 'x25 special': 0, 'sx 25th': 0, '25th anniversary': 0}
[2026-07-22 09:43:07] xbox_br: ok, sem novidade {'pre-order': 0, 'preorder': 0, 'x25': 0, 'series x25': 0, 'series x 25': 0, 'x25 limited': 0, 'x25 special': 0, 'sx 25th': 0, '25th anniversary': 2, 'pré-venda': 0, '25 anos': 6}
[2026-07-22 09:43:49] xbox_us: ok, sem novidade {'pre-order': 0, 'preorder': 0, 'x25': 0, 'series x25': 0, 'series x 25': 0, 'x25 limited': 0, 'x25 special': 0, 'sx 25th': 0, '25th anniversary': 20, 'shop now': 0}
[2026-07-22 09:43:50] xbox_us_consoles: ok, sem novidade {'pre-order': 0, 'preorder': 0, 'x25': 10, 'series x25': 0, 'series x 25': 0, 'x25 limited': 0, 'x25 special': 0, 'sx 25th': 0, '25th anniversary': 0}
[2026-07-22 09:44:04] msstore_us: ok, sem novidade {'pre-order': 1, 'preorder': 11, 'x25': 13, 'series x25': 3, 'series x 25': 0, 'x25 limited': 0, 'x25 special': 0, 'sx 25th': 0, '25th anniversary': 0}
[2026-07-22 09:44:05] newegg_us: ok, sem novidade {'pre-order': 0, 'preorder': 0, 'x25': 16, 'series x25': 16, 'series x 25': 0, 'x25 limited': 0, 'x25 special': 0, 'sx 25th': 0, '25th anniversary': 0}
[2026-07-22 09:44:07] target_us: ok, sem novidade {'pre-order': 0, 'preorder': 0, 'x25': 14, 'series x25': 12, 'series x 25': 0, 'x25 limited': 0, 'x25 special': 0, 'sx 25th': 0, '25th anniversary': 0}
[2026-07-22 09:44:08] walmart_us: ok, sem novidade {'pre-order': 0, 'preorder': 0, 'x25': 0, 'series x25': 0, 'series x 25': 0, 'x25 limited': 0, 'x25 special': 0, 'sx 25th': 0, '25th anniversary': 0}
[2026-07-22 09:44:09] xbox_br: ok, sem novidade {'pre-order': 0, 'preorder': 0, 'x25': 0, 'series x25': 0, 'series x 25': 0, 'x25 limited': 0, 'x25 special': 0, 'sx 25th': 0, '25th anniversary': 2, 'pré-venda': 0, '25 anos': 6}
[2026-07-22 09:44:49] xbox_us: ok, sem novidade {'pre-order': 0, 'preorder': 0, 'x25': 0, 'series x25': 0, 'series x 25': 0, 'x25 limited': 0, 'x25 special': 0, 'sx 25th': 0, '25th anniversary': 20, 'shop now': 0}
[2026-07-22 09:44:50] xbox_us_consoles: ok, sem novidade {'pre-order': 0, 'preorder': 0, 'x25': 10, 'series x25': 0, 'series x 25': 0, 'x25 limited': 0, 'x25 special': 0, 'sx 25th': 0, '25th anniversary': 0}
[2026-07-22 09:45:01] msstore_us: ok, sem novidade {'pre-order': 1, 'preorder': 11, 'x25': 13, 'series x25': 3, 'series x 25': 0, 'x25 limited': 0, 'x25 special': 0, 'sx 25th': 0, '25th anniversary': 0}
[2026-07-22 09:45:02] newegg_us: ok, sem novidade {'pre-order': 0, 'preorder': 0, 'x25': 16, 'series x25': 16, 'series x 25': 0, 'x25 limited': 0, 'x25 special': 0, 'sx 25th': 0, '25th anniversary': 0}
[2026-07-22 09:45:04] target_us: ok, sem novidade {'pre-order': 0, 'preorder': 0, 'x25': 14, 'series x25': 12, 'series x 25': 0, 'x25 limited': 0, 'x25 special': 0, 'sx 25th': 0, '25th anniversary': 0}
[2026-07-22 09:45:05] walmart_us: ok, sem novidade {'pre-order': 0, 'preorder': 0, 'x25': 0, 'series x25': 0, 'series x 25': 0, 'x25 limited': 0, 'x25 special': 0, 'sx 25th': 0, '25th anniversary': 0}
[2026-07-22 09:45:06] xbox_br: ok, sem novidade {'pre-order': 0, 'preorder': 0, 'x25': 0, 'series x25': 0, 'series x 25': 0, 'x25 limited': 0, 'x25 special': 0, 'sx 25th': 0, '25th anniversary': 2, 'pré-venda': 0, '25 anos': 6}
